2024-03-23 09:21:40,069:INFO:Starting ETL process
2024-03-23 09:21:40,070:INFO:Starting data extraction
2024-03-23 09:23:39,078:INFO:Starting ETL process
2024-03-23 09:23:39,079:INFO:Starting data extraction
2024-03-23 09:25:17,513:INFO:Starting ETL process
2024-03-23 09:25:17,513:INFO:Starting data extraction
2024-03-23 09:25:17,572:INFO:Data extraction completed
2024-03-23 09:25:17,573:INFO:Starting data transformation
2024-03-23 09:25:17,583:INFO:Data transformation completed
2024-03-23 09:25:17,583:INFO:Starting data loading
2024-03-23 09:25:17,659:INFO:Data loading completed
2024-03-23 09:25:17,659:INFO:ETL process completed
2024-03-23 09:25:17,660:INFO:Starting file moving
2024-03-23 09:25:17,661:INFO:File moving completed
2024-03-23 09:25:17,662:INFO:Starting downsampling
2024-03-23 09:25:17,799:INFO:Train file created
2024-03-23 09:25:17,809:INFO:Test file created
2024-03-23 12:18:00,017:INFO:Starting ETL process
2024-03-23 12:18:00,018:INFO:Starting data extraction
2024-03-23 12:18:00,045:INFO:Data extraction completed
2024-03-23 12:18:00,045:INFO:Starting data transformation
2024-03-23 12:18:00,057:INFO:Data transformation completed
2024-03-23 12:18:00,058:INFO:Starting data loading
2024-03-23 12:18:00,111:INFO:Data loading completed
2024-03-23 12:18:00,111:INFO:ETL process completed
2024-03-23 12:18:00,111:INFO:Starting file moving
2024-03-23 12:18:00,114:INFO:File moving completed
2024-03-23 12:18:00,114:INFO:Starting downsampling
2024-03-23 12:18:00,294:INFO:Train file created
2024-03-23 12:18:00,308:INFO:Test file created
